2021-05-13 16:08:10,014 [Worker-6: Loading available Gradle versions] INFO  o.e.b.c.i.u.g.PublishedGradleVersions - Gradle version information cache is up-to-date. Trying to read.
2021-05-13 16:19:30,553 [Worker-2: Loading available Gradle versions] INFO  o.e.b.c.i.u.g.PublishedGradleVersions - Gradle version information cache is not available. Remote download required.
2021-05-13 16:46:07,737 [Worker-25: Indexing Local Repository...] ERROR o.e.m.c.i.i.nexus.NexusIndexManager - Unable to re-index workspace://
java.lang.NullPointerException: Cannot invoke "org.apache.maven.index.context.IndexingContext.purge()" because "context" is null
	at org.eclipse.m2e.core.internal.index.nexus.NexusIndexManager.purgeCurrentIndex(NexusIndexManager.java:529)
	at org.eclipse.m2e.core.internal.index.nexus.NexusIndexManager.reindexWorkspace(NexusIndexManager.java:561)
	at org.eclipse.m2e.core.internal.index.nexus.NexusIndexManager.updateIndex(NexusIndexManager.java:1072)
	at org.eclipse.m2e.core.internal.index.nexus.NexusIndex.updateIndex(NexusIndex.java:147)
	at org.eclipse.m2e.core.ui.internal.preferences.MavenSettingsPreferencePage$2.runInWorkspace(MavenSettingsPreferencePage.java:263)
	at org.eclipse.core.internal.resources.InternalWorkspaceJob.run(InternalWorkspaceJob.java:42)
	at org.eclipse.core.internal.jobs.Worker.run(Worker.java:63)
2021-05-13 16:50:14,014 [Worker-27: Updating Maven settings] ERROR o.e.m.c.i.i.nexus.NexusIndexManager - Unable to re-index workspace://
java.lang.NullPointerException: Cannot invoke "org.apache.maven.index.context.IndexingContext.purge()" because "context" is null
	at org.eclipse.m2e.core.internal.index.nexus.NexusIndexManager.purgeCurrentIndex(NexusIndexManager.java:529)
	at org.eclipse.m2e.core.internal.index.nexus.NexusIndexManager.reindexWorkspace(NexusIndexManager.java:561)
	at org.eclipse.m2e.core.internal.index.nexus.NexusIndexManager.updateIndex(NexusIndexManager.java:1072)
	at org.eclipse.m2e.core.internal.index.nexus.NexusIndex.updateIndex(NexusIndex.java:147)
	at org.eclipse.m2e.core.ui.internal.preferences.MavenSettingsPreferencePage$1.run(MavenSettingsPreferencePage.java:153)
	at org.eclipse.core.internal.jobs.Worker.run(Worker.java:63)
2021-05-13 16:50:14,015 [Worker-27: Updating Maven settings] ERROR o.e.m.c.u.i.p.MavenSettingsPreferencePage - Reindexing error
org.eclipse.core.runtime.CoreException: Reindexing error
	at org.eclipse.m2e.core.internal.index.nexus.NexusIndexManager.reindexWorkspace(NexusIndexManager.java:568)
	at org.eclipse.m2e.core.internal.index.nexus.NexusIndexManager.updateIndex(NexusIndexManager.java:1072)
	at org.eclipse.m2e.core.internal.index.nexus.NexusIndex.updateIndex(NexusIndex.java:147)
	at org.eclipse.m2e.core.ui.internal.preferences.MavenSettingsPreferencePage$1.run(MavenSettingsPreferencePage.java:153)
	at org.eclipse.core.internal.jobs.Worker.run(Worker.java:63)
Caused by: java.lang.NullPointerException: Cannot invoke "org.apache.maven.index.context.IndexingContext.purge()" because "context" is null
	at org.eclipse.m2e.core.internal.index.nexus.NexusIndexManager.purgeCurrentIndex(NexusIndexManager.java:529)
	at org.eclipse.m2e.core.internal.index.nexus.NexusIndexManager.reindexWorkspace(NexusIndexManager.java:561)
	... 4 common frames omitted
2021-05-13 17:04:11,378 [Worker-4: Loading available Gradle versions] INFO  o.e.b.c.i.u.g.PublishedGradleVersions - Gradle version information cache is up-to-date. Trying to read.
